INFO - 2023-04-08 06:37:30 --> Session: Class initialized using 'CodeIgniter\Session\Handlers\FileHandler' driver.
INFO - 2023-04-08 06:37:31 --> Session: Class initialized using 'CodeIgniter\Session\Handlers\FileHandler' driver.
INFO - 2023-04-08 06:38:06 --> Session: Class initialized using 'CodeIgniter\Session\Handlers\FileHandler' driver.
INFO - 2023-04-08 06:38:10 --> Session: Class initialized using 'CodeIgniter\Session\Handlers\FileHandler' driver.
INFO - 2023-04-08 06:40:42 --> Session: Class initialized using 'CodeIgniter\Session\Handlers\FileHandler' driver.
INFO - 2023-04-08 06:44:52 --> Session: Class initialized using 'CodeIgniter\Session\Handlers\FileHandler' driver.
INFO - 2023-04-08 06:45:37 --> Session: Class initialized using 'CodeIgniter\Session\Handlers\FileHandler' driver.
INFO - 2023-04-08 06:45:41 --> Session: Class initialized using 'CodeIgniter\Session\Handlers\FileHandler' driver.
INFO - 2023-04-08 06:46:04 --> Session: Class initialized using 'CodeIgniter\Session\Handlers\FileHandler' driver.
INFO - 2023-04-08 06:46:06 --> Session: Class initialized using 'CodeIgniter\Session\Handlers\FileHandler' driver.
INFO - 2023-04-08 06:46:10 --> Session: Class initialized using 'CodeIgniter\Session\Handlers\FileHandler' driver.
INFO - 2023-04-08 06:46:16 --> Session: Class initialized using 'CodeIgniter\Session\Handlers\FileHandler' driver.
INFO - 2023-04-08 06:46:19 --> Session: Class initialized using 'CodeIgniter\Session\Handlers\FileHandler' driver.
INFO - 2023-04-08 06:46:19 --> Session: Class initialized using 'CodeIgniter\Session\Handlers\FileHandler' driver.
INFO - 2023-04-08 06:46:20 --> Session: Class initialized using 'CodeIgniter\Session\Handlers\FileHandler' driver.
INFO - 2023-04-08 06:46:29 --> Session: Class initialized using 'CodeIgniter\Session\Handlers\FileHandler' driver.
INFO - 2023-04-08 06:46:29 --> Session: Class initialized using 'CodeIgniter\Session\Handlers\FileHandler' driver.
INFO - 2023-04-08 06:46:30 --> Session: Class initialized using 'CodeIgniter\Session\Handlers\FileHandler' driver.
INFO - 2023-04-08 06:46:36 --> Session: Class initialized using 'CodeIgniter\Session\Handlers\FileHandler' driver.
INFO - 2023-04-08 06:46:37 --> Session: Class initialized using 'CodeIgniter\Session\Handlers\FileHandler' driver.
INFO - 2023-04-08 06:46:37 --> Session: Class initialized using 'CodeIgniter\Session\Handlers\FileHandler' driver.
INFO - 2023-04-08 06:46:49 --> Session: Class initialized using 'CodeIgniter\Session\Handlers\FileHandler' driver.
INFO - 2023-04-08 06:46:49 --> Session: Class initialized using 'CodeIgniter\Session\Handlers\FileHandler' driver.
INFO - 2023-04-08 06:51:12 --> Session: Class initialized using 'CodeIgniter\Session\Handlers\FileHandler' driver.
INFO - 2023-04-08 07:17:27 --> Session: Class initialized using 'CodeIgniter\Session\Handlers\FileHandler' driver.
INFO - 2023-04-08 07:17:30 --> Session: Class initialized using 'CodeIgniter\Session\Handlers\FileHandler' driver.
INFO - 2023-04-08 13:49:25 --> Session: Class initialized using 'CodeIgniter\Session\Handlers\FileHandler' driver.
INFO - 2023-04-08 13:49:25 --> Session: Class initialized using 'CodeIgniter\Session\Handlers\FileHandler' driver.
INFO - 2023-04-08 13:49:31 --> Session: Class initialized using 'CodeIgniter\Session\Handlers\FileHandler' driver.
INFO - 2023-04-08 13:49:35 --> Session: Class initialized using 'CodeIgniter\Session\Handlers\FileHandler' driver.
INFO - 2023-04-08 14:10:44 --> Session: Class initialized using 'CodeIgniter\Session\Handlers\FileHandler' driver.
INFO - 2023-04-08 14:10:44 --> Session: Class initialized using 'CodeIgniter\Session\Handlers\FileHandler' driver.
INFO - 2023-04-08 14:10:46 --> Session: Class initialized using 'CodeIgniter\Session\Handlers\FileHandler' driver.
INFO - 2023-04-08 14:10:46 --> Session: Class initialized using 'CodeIgniter\Session\Handlers\FileHandler' driver.
INFO - 2023-04-08 14:10:48 --> Session: Class initialized using 'CodeIgniter\Session\Handlers\FileHandler' driver.
INFO - 2023-04-08 14:10:48 --> Session: Class initialized using 'CodeIgniter\Session\Handlers\FileHandler' driver.
INFO - 2023-04-08 14:10:50 --> Session: Class initialized using 'CodeIgniter\Session\Handlers\FileHandler' driver.
INFO - 2023-04-08 14:10:50 --> Session: Class initialized using 'CodeIgniter\Session\Handlers\FileHandler' driver.
INFO - 2023-04-08 14:10:54 --> Session: Class initialized using 'CodeIgniter\Session\Handlers\FileHandler' driver.
INFO - 2023-04-08 14:10:55 --> Session: Class initialized using 'CodeIgniter\Session\Handlers\FileHandler' driver.
INFO - 2023-04-08 14:10:56 --> Session: Class initialized using 'CodeIgniter\Session\Handlers\FileHandler' driver.
INFO - 2023-04-08 14:10:57 --> Session: Class initialized using 'CodeIgniter\Session\Handlers\FileHandler' driver.
INFO - 2023-04-08 14:10:57 --> Session: Class initialized using 'CodeIgniter\Session\Handlers\FileHandler' driver.
INFO - 2023-04-08 14:10:59 --> Session: Class initialized using 'CodeIgniter\Session\Handlers\FileHandler' driver.
INFO - 2023-04-08 14:10:59 --> Session: Class initialized using 'CodeIgniter\Session\Handlers\FileHandler' driver.
INFO - 2023-04-08 14:11:01 --> Session: Class initialized using 'CodeIgniter\Session\Handlers\FileHandler' driver.
INFO - 2023-04-08 14:11:01 --> Session: Class initialized using 'CodeIgniter\Session\Handlers\FileHandler' driver.
INFO - 2023-04-08 14:11:02 --> Session: Class initialized using 'CodeIgniter\Session\Handlers\FileHandler' driver.
INFO - 2023-04-08 14:11:04 --> Session: Class initialized using 'CodeIgniter\Session\Handlers\FileHandler' driver.
INFO - 2023-04-08 14:11:04 --> Session: Class initialized using 'CodeIgniter\Session\Handlers\FileHandler' driver.
INFO - 2023-04-08 14:11:06 --> Session: Class initialized using 'CodeIgniter\Session\Handlers\FileHandler' driver.
INFO - 2023-04-08 14:11:06 --> Session: Class initialized using 'CodeIgniter\Session\Handlers\FileHandler' driver.
INFO - 2023-04-08 14:11:08 --> Session: Class initialized using 'CodeIgniter\Session\Handlers\FileHandler' driver.
INFO - 2023-04-08 14:11:08 --> Session: Class initialized using 'CodeIgniter\Session\Handlers\FileHandler' driver.
INFO - 2023-04-08 14:11:10 --> Session: Class initialized using 'CodeIgniter\Session\Handlers\FileHandler' driver.
INFO - 2023-04-08 14:11:10 --> Session: Class initialized using 'CodeIgniter\Session\Handlers\FileHandler' driver.
INFO - 2023-04-08 14:11:48 --> Session: Class initialized using 'CodeIgniter\Session\Handlers\FileHandler' driver.
INFO - 2023-04-08 14:16:51 --> Session: Class initialized using 'CodeIgniter\Session\Handlers\FileHandler' driver.
INFO - 2023-04-08 14:21:05 --> Session: Class initialized using 'CodeIgniter\Session\Handlers\FileHandler' driver.
INFO - 2023-04-08 14:21:06 --> Session: Class initialized using 'CodeIgniter\Session\Handlers\FileHandler' driver.
INFO - 2023-04-08 14:21:07 --> Session: Class initialized using 'CodeIgniter\Session\Handlers\FileHandler' driver.
INFO - 2023-04-08 14:21:08 --> Session: Class initialized using 'CodeIgniter\Session\Handlers\FileHandler' driver.
INFO - 2023-04-08 14:21:09 --> Session: Class initialized using 'CodeIgniter\Session\Handlers\FileHandler' driver.
INFO - 2023-04-08 14:21:09 --> Session: Class initialized using 'CodeIgniter\Session\Handlers\FileHandler' driver.
INFO - 2023-04-08 14:21:10 --> Session: Class initialized using 'CodeIgniter\Session\Handlers\FileHandler' driver.
INFO - 2023-04-08 14:21:12 --> Session: Class initialized using 'CodeIgniter\Session\Handlers\FileHandler' driver.
INFO - 2023-04-08 14:21:14 --> Session: Class initialized using 'CodeIgniter\Session\Handlers\FileHandler' driver.
INFO - 2023-04-08 14:21:17 --> Session: Class initialized using 'CodeIgniter\Session\Handlers\FileHandler' driver.
INFO - 2023-04-08 14:21:23 --> Session: Class initialized using 'CodeIgniter\Session\Handlers\FileHandler' driver.
INFO - 2023-04-08 14:21:23 --> Session: Class initialized using 'CodeIgniter\Session\Handlers\FileHandler' driver.
INFO - 2023-04-08 14:21:23 --> Session: Class initialized using 'CodeIgniter\Session\Handlers\FileHandler' driver.
INFO - 2023-04-08 14:22:46 --> Session: Class initialized using 'CodeIgniter\Session\Handlers\FileHandler' driver.
INFO - 2023-04-08 14:22:47 --> Session: Class initialized using 'CodeIgniter\Session\Handlers\FileHandler' driver.
INFO - 2023-04-08 14:22:48 --> Session: Class initialized using 'CodeIgniter\Session\Handlers\FileHandler' driver.
INFO - 2023-04-08 14:22:49 --> Session: Class initialized using 'CodeIgniter\Session\Handlers\FileHandler' driver.
INFO - 2023-04-08 14:22:49 --> Session: Class initialized using 'CodeIgniter\Session\Handlers\FileHandler' driver.
INFO - 2023-04-08 14:22:49 --> Session: Class initialized using 'CodeIgniter\Session\Handlers\FileHandler' driver.
INFO - 2023-04-08 14:22:50 --> Session: Class initialized using 'CodeIgniter\Session\Handlers\FileHandler' driver.
INFO - 2023-04-08 14:22:51 --> Session: Class initialized using 'CodeIgniter\Session\Handlers\FileHandler' driver.
INFO - 2023-04-08 14:22:51 --> Session: Class initialized using 'CodeIgniter\Session\Handlers\FileHandler' driver.
INFO - 2023-04-08 14:22:52 --> Session: Class initialized using 'CodeIgniter\Session\Handlers\FileHandler' driver.
INFO - 2023-04-08 14:22:52 --> Session: Class initialized using 'CodeIgniter\Session\Handlers\FileHandler' driver.
INFO - 2023-04-08 14:22:52 --> Session: Class initialized using 'CodeIgniter\Session\Handlers\FileHandler' driver.
INFO - 2023-04-08 14:22:59 --> Session: Class initialized using 'CodeIgniter\Session\Handlers\FileHandler' driver.
INFO - 2023-04-08 14:24:23 --> Session: Class initialized using 'CodeIgniter\Session\Handlers\FileHandler' driver.
INFO - 2023-04-08 14:24:25 --> Session: Class initialized using 'CodeIgniter\Session\Handlers\FileHandler' driver.
INFO - 2023-04-08 14:24:27 --> Session: Class initialized using 'CodeIgniter\Session\Handlers\FileHandler' driver.
INFO - 2023-04-08 14:25:40 --> Session: Class initialized using 'CodeIgniter\Session\Handlers\FileHandler' driver.
INFO - 2023-04-08 14:25:41 --> Session: Class initialized using 'CodeIgniter\Session\Handlers\FileHandler' driver.
INFO - 2023-04-08 14:25:42 --> Session: Class initialized using 'CodeIgniter\Session\Handlers\FileHandler' driver.
INFO - 2023-04-08 14:25:42 --> Session: Class initialized using 'CodeIgniter\Session\Handlers\FileHandler' driver.
INFO - 2023-04-08 14:25:43 --> Session: Class initialized using 'CodeIgniter\Session\Handlers\FileHandler' driver.
INFO - 2023-04-08 14:25:43 --> Session: Class initialized using 'CodeIgniter\Session\Handlers\FileHandler' driver.
INFO - 2023-04-08 14:25:44 --> Session: Class initialized using 'CodeIgniter\Session\Handlers\FileHandler' driver.
INFO - 2023-04-08 14:25:44 --> Session: Class initialized using 'CodeIgniter\Session\Handlers\FileHandler' driver.
INFO - 2023-04-08 14:25:44 --> Session: Class initialized using 'CodeIgniter\Session\Handlers\FileHandler' driver.
INFO - 2023-04-08 14:25:45 --> Session: Class initialized using 'CodeIgniter\Session\Handlers\FileHandler' driver.
INFO - 2023-04-08 14:25:45 --> Session: Class initialized using 'CodeIgniter\Session\Handlers\FileHandler' driver.
INFO - 2023-04-08 14:25:46 --> Session: Class initialized using 'CodeIgniter\Session\Handlers\FileHandler' driver.
INFO - 2023-04-08 14:25:56 --> Session: Class initialized using 'CodeIgniter\Session\Handlers\FileHandler' driver.
INFO - 2023-04-08 14:25:57 --> Session: Class initialized using 'CodeIgniter\Session\Handlers\FileHandler' driver.
INFO - 2023-04-08 14:25:57 --> Session: Class initialized using 'CodeIgniter\Session\Handlers\FileHandler' driver.
INFO - 2023-04-08 14:25:58 --> Session: Class initialized using 'CodeIgniter\Session\Handlers\FileHandler' driver.
INFO - 2023-04-08 14:25:58 --> Session: Class initialized using 'CodeIgniter\Session\Handlers\FileHandler' driver.
INFO - 2023-04-08 14:26:12 --> Session: Class initialized using 'CodeIgniter\Session\Handlers\FileHandler' driver.
INFO - 2023-04-08 14:26:13 --> Session: Class initialized using 'CodeIgniter\Session\Handlers\FileHandler' driver.
INFO - 2023-04-08 14:26:17 --> Session: Class initialized using 'CodeIgniter\Session\Handlers\FileHandler' driver.
INFO - 2023-04-08 14:26:18 --> Session: Class initialized using 'CodeIgniter\Session\Handlers\FileHandler' driver.
INFO - 2023-04-08 14:26:18 --> Session: Class initialized using 'CodeIgniter\Session\Handlers\FileHandler' driver.
INFO - 2023-04-08 14:26:32 --> Session: Class initialized using 'CodeIgniter\Session\Handlers\FileHandler' driver.
INFO - 2023-04-08 14:26:32 --> Session: Class initialized using 'CodeIgniter\Session\Handlers\FileHandler' driver.
INFO - 2023-04-08 14:26:36 --> Session: Class initialized using 'CodeIgniter\Session\Handlers\FileHandler' driver.
INFO - 2023-04-08 14:26:36 --> Session: Class initialized using 'CodeIgniter\Session\Handlers\FileHandler' driver.
INFO - 2023-04-08 14:26:36 --> Session: Class initialized using 'CodeIgniter\Session\Handlers\FileHandler' driver.
INFO - 2023-04-08 14:26:47 --> Session: Class initialized using 'CodeIgniter\Session\Handlers\FileHandler' driver.
INFO - 2023-04-08 14:26:47 --> Session: Class initialized using 'CodeIgniter\Session\Handlers\FileHandler' driver.
INFO - 2023-04-08 14:26:55 --> Session: Class initialized using 'CodeIgniter\Session\Handlers\FileHandler' driver.
INFO - 2023-04-08 14:29:47 --> Session: Class initialized using 'CodeIgniter\Session\Handlers\FileHandler' driver.
INFO - 2023-04-08 14:32:17 --> Session: Class initialized using 'CodeIgniter\Session\Handlers\FileHandler' driver.
INFO - 2023-04-08 14:32:27 --> Session: Class initialized using 'CodeIgniter\Session\Handlers\FileHandler' driver.
INFO - 2023-04-08 14:32:40 --> Session: Class initialized using 'CodeIgniter\Session\Handlers\FileHandler' driver.
INFO - 2023-04-08 14:32:43 --> Session: Class initialized using 'CodeIgniter\Session\Handlers\FileHandler' driver.
INFO - 2023-04-08 14:32:50 --> Session: Class initialized using 'CodeIgniter\Session\Handlers\FileHandler' driver.
INFO - 2023-04-08 14:35:58 --> Session: Class initialized using 'CodeIgniter\Session\Handlers\FileHandler' driver.
INFO - 2023-04-08 14:35:59 --> Session: Class initialized using 'CodeIgniter\Session\Handlers\FileHandler' driver.
INFO - 2023-04-08 14:35:59 --> Session: Class initialized using 'CodeIgniter\Session\Handlers\FileHandler' driver.
INFO - 2023-04-08 14:36:00 --> Session: Class initialized using 'CodeIgniter\Session\Handlers\FileHandler' driver.
INFO - 2023-04-08 14:36:00 --> Session: Class initialized using 'CodeIgniter\Session\Handlers\FileHandler' driver.
INFO - 2023-04-08 14:36:00 --> Session: Class initialized using 'CodeIgniter\Session\Handlers\FileHandler' driver.
INFO - 2023-04-08 14:36:01 --> Session: Class initialized using 'CodeIgniter\Session\Handlers\FileHandler' driver.
INFO - 2023-04-08 14:36:02 --> Session: Class initialized using 'CodeIgniter\Session\Handlers\FileHandler' driver.
INFO - 2023-04-08 14:36:02 --> Session: Class initialized using 'CodeIgniter\Session\Handlers\FileHandler' driver.
INFO - 2023-04-08 14:36:03 --> Session: Class initialized using 'CodeIgniter\Session\Handlers\FileHandler' driver.
INFO - 2023-04-08 14:36:03 --> Session: Class initialized using 'CodeIgniter\Session\Handlers\FileHandler' driver.
INFO - 2023-04-08 14:36:03 --> Session: Class initialized using 'CodeIgniter\Session\Handlers\FileHandler' driver.
INFO - 2023-04-08 14:42:04 --> Session: Class initialized using 'CodeIgniter\Session\Handlers\FileHandler' driver.
INFO - 2023-04-08 14:42:06 --> Session: Class initialized using 'CodeIgniter\Session\Handlers\FileHandler' driver.
INFO - 2023-04-08 14:42:06 --> Session: Class initialized using 'CodeIgniter\Session\Handlers\FileHandler' driver.
INFO - 2023-04-08 14:42:08 --> Session: Class initialized using 'CodeIgniter\Session\Handlers\FileHandler' driver.
INFO - 2023-04-08 14:42:08 --> Session: Class initialized using 'CodeIgniter\Session\Handlers\FileHandler' driver.
INFO - 2023-04-08 14:42:08 --> Session: Class initialized using 'CodeIgniter\Session\Handlers\FileHandler' driver.
INFO - 2023-04-08 14:42:11 --> Session: Class initialized using 'CodeIgniter\Session\Handlers\FileHandler' driver.
INFO - 2023-04-08 14:42:30 --> Session: Class initialized using 'CodeIgniter\Session\Handlers\FileHandler' driver.
INFO - 2023-04-08 14:42:36 --> Session: Class initialized using 'CodeIgniter\Session\Handlers\FileHandler' driver.
INFO - 2023-04-08 14:42:37 --> Session: Class initialized using 'CodeIgniter\Session\Handlers\FileHandler' driver.
ERROR - 2023-04-08 14:42:37 --> mysqli_sql_exception: Unknown column 'js' in 'where clause' in C:\RDT\UTS WEB\ci4_php_mvc_zakat.in\system\Database\MySQLi\Connection.php:295
Stack trace:
#0 C:\RDT\UTS WEB\ci4_php_mvc_zakat.in\system\Database\MySQLi\Connection.php(295): mysqli->query('select * from t...', 0)
#1 C:\RDT\UTS WEB\ci4_php_mvc_zakat.in\system\Database\BaseConnection.php(691): CodeIgniter\Database\MySQLi\Connection->execute('select * from t...')
#2 C:\RDT\UTS WEB\ci4_php_mvc_zakat.in\system\Database\BaseConnection.php(605): CodeIgniter\Database\BaseConnection->simpleQuery('select * from t...')
#3 C:\RDT\UTS WEB\ci4_php_mvc_zakat.in\app\Models\MDataMal.php(21): CodeIgniter\Database\BaseConnection->query('select * from t...')
#4 C:\RDT\UTS WEB\ci4_php_mvc_zakat.in\app\Controllers\DataMal.php(54): App\Models\MDataMal->getSelectDataMal('js')
#5 C:\RDT\UTS WEB\ci4_php_mvc_zakat.in\system\CodeIgniter.php(934): App\Controllers\DataMal->editDataMal('js', 'jquery.min.js')
#6 C:\RDT\UTS WEB\ci4_php_mvc_zakat.in\system\CodeIgniter.php(499): CodeIgniter\CodeIgniter->runController(Object(App\Controllers\DataMal))
#7 C:\RDT\UTS WEB\ci4_php_mvc_zakat.in\system\CodeIgniter.php(368): CodeIgniter\CodeIgniter->handleRequest(NULL, Object(Config\Cache), false)
#8 C:\RDT\UTS WEB\ci4_php_mvc_zakat.in\public\index.php(67): CodeIgniter\CodeIgniter->run()
#9 C:\RDT\UTS WEB\ci4_php_mvc_zakat.in\system\Commands\Server\rewrite.php(47): require_once('C:\\RDT\\UTS WEB\\...')
#10 {main}
CRITICAL - 2023-04-08 14:42:37 --> Unknown column 'js' in 'where clause'
in SYSTEMPATH\Database\BaseConnection.php on line 645.
 1 APPPATH\Models\MDataMal.php(21): CodeIgniter\Database\BaseConnection->query('select * from tbl_zakatmal where nik = js')
 2 APPPATH\Controllers\DataMal.php(54): App\Models\MDataMal->getSelectDataMal('FCPATH\\js')
 3 SYSTEMPATH\CodeIgniter.php(934): App\Controllers\DataMal->editDataMal('FCPATH\\js', 'jquery.min.js')
 4 SYSTEMPATH\CodeIgniter.php(499): CodeIgniter\CodeIgniter->runController(Object(App\Controllers\DataMal))
 5 SYSTEMPATH\CodeIgniter.php(368): CodeIgniter\CodeIgniter->handleRequest(null, Object(Config\Cache), false)
 6 FCPATH\index.php(67): CodeIgniter\CodeIgniter->run()
 7 SYSTEMPATH\Commands\Server\rewrite.php(47): require_once('FCPATH\\index.php')
INFO - 2023-04-08 14:42:37 --> Session: Class initialized using 'CodeIgniter\Session\Handlers\FileHandler' driver.
ERROR - 2023-04-08 14:42:37 --> mysqli_sql_exception: Unknown column 'js' in 'where clause' in C:\RDT\UTS WEB\ci4_php_mvc_zakat.in\system\Database\MySQLi\Connection.php:295
Stack trace:
#0 C:\RDT\UTS WEB\ci4_php_mvc_zakat.in\system\Database\MySQLi\Connection.php(295): mysqli->query('select * from t...', 0)
#1 C:\RDT\UTS WEB\ci4_php_mvc_zakat.in\system\Database\BaseConnection.php(691): CodeIgniter\Database\MySQLi\Connection->execute('select * from t...')
#2 C:\RDT\UTS WEB\ci4_php_mvc_zakat.in\system\Database\BaseConnection.php(605): CodeIgniter\Database\BaseConnection->simpleQuery('select * from t...')
#3 C:\RDT\UTS WEB\ci4_php_mvc_zakat.in\app\Models\MDataMal.php(21): CodeIgniter\Database\BaseConnection->query('select * from t...')
#4 C:\RDT\UTS WEB\ci4_php_mvc_zakat.in\app\Controllers\DataMal.php(54): App\Models\MDataMal->getSelectDataMal('js')
#5 C:\RDT\UTS WEB\ci4_php_mvc_zakat.in\system\CodeIgniter.php(934): App\Controllers\DataMal->editDataMal('js', 'bootstrap.js')
#6 C:\RDT\UTS WEB\ci4_php_mvc_zakat.in\system\CodeIgniter.php(499): CodeIgniter\CodeIgniter->runController(Object(App\Controllers\DataMal))
#7 C:\RDT\UTS WEB\ci4_php_mvc_zakat.in\system\CodeIgniter.php(368): CodeIgniter\CodeIgniter->handleRequest(NULL, Object(Config\Cache), false)
#8 C:\RDT\UTS WEB\ci4_php_mvc_zakat.in\public\index.php(67): CodeIgniter\CodeIgniter->run()
#9 C:\RDT\UTS WEB\ci4_php_mvc_zakat.in\system\Commands\Server\rewrite.php(47): require_once('C:\\RDT\\UTS WEB\\...')
#10 {main}
CRITICAL - 2023-04-08 14:42:37 --> Unknown column 'js' in 'where clause'
in SYSTEMPATH\Database\BaseConnection.php on line 645.
 1 APPPATH\Models\MDataMal.php(21): CodeIgniter\Database\BaseConnection->query('select * from tbl_zakatmal where nik = js')
 2 APPPATH\Controllers\DataMal.php(54): App\Models\MDataMal->getSelectDataMal('FCPATH\\js')
 3 SYSTEMPATH\CodeIgniter.php(934): App\Controllers\DataMal->editDataMal('FCPATH\\js', 'bootstrap.js')
 4 SYSTEMPATH\CodeIgniter.php(499): CodeIgniter\CodeIgniter->runController(Object(App\Controllers\DataMal))
 5 SYSTEMPATH\CodeIgniter.php(368): CodeIgniter\CodeIgniter->handleRequest(null, Object(Config\Cache), false)
 6 FCPATH\index.php(67): CodeIgniter\CodeIgniter->run()
 7 SYSTEMPATH\Commands\Server\rewrite.php(47): require_once('FCPATH\\index.php')
INFO - 2023-04-08 14:42:43 --> Session: Class initialized using 'CodeIgniter\Session\Handlers\FileHandler' driver.
INFO - 2023-04-08 14:42:52 --> Session: Class initialized using 'CodeIgniter\Session\Handlers\FileHandler' driver.
INFO - 2023-04-08 14:42:54 --> Session: Class initialized using 'CodeIgniter\Session\Handlers\FileHandler' driver.
INFO - 2023-04-08 14:42:54 --> Session: Class initialized using 'CodeIgniter\Session\Handlers\FileHandler' driver.
ERROR - 2023-04-08 14:42:54 --> mysqli_sql_exception: Unknown column 'js' in 'where clause' in C:\RDT\UTS WEB\ci4_php_mvc_zakat.in\system\Database\MySQLi\Connection.php:295
Stack trace:
#0 C:\RDT\UTS WEB\ci4_php_mvc_zakat.in\system\Database\MySQLi\Connection.php(295): mysqli->query('select * from t...', 0)
#1 C:\RDT\UTS WEB\ci4_php_mvc_zakat.in\system\Database\BaseConnection.php(691): CodeIgniter\Database\MySQLi\Connection->execute('select * from t...')
#2 C:\RDT\UTS WEB\ci4_php_mvc_zakat.in\system\Database\BaseConnection.php(605): CodeIgniter\Database\BaseConnection->simpleQuery('select * from t...')
#3 C:\RDT\UTS WEB\ci4_php_mvc_zakat.in\app\Models\MDataMal.php(21): CodeIgniter\Database\BaseConnection->query('select * from t...')
#4 C:\RDT\UTS WEB\ci4_php_mvc_zakat.in\app\Controllers\DataMal.php(54): App\Models\MDataMal->getSelectDataMal('js')
#5 C:\RDT\UTS WEB\ci4_php_mvc_zakat.in\system\CodeIgniter.php(934): App\Controllers\DataMal->editDataMal('js', 'jquery.min.js')
#6 C:\RDT\UTS WEB\ci4_php_mvc_zakat.in\system\CodeIgniter.php(499): CodeIgniter\CodeIgniter->runController(Object(App\Controllers\DataMal))
#7 C:\RDT\UTS WEB\ci4_php_mvc_zakat.in\system\CodeIgniter.php(368): CodeIgniter\CodeIgniter->handleRequest(NULL, Object(Config\Cache), false)
#8 C:\RDT\UTS WEB\ci4_php_mvc_zakat.in\public\index.php(67): CodeIgniter\CodeIgniter->run()
#9 C:\RDT\UTS WEB\ci4_php_mvc_zakat.in\system\Commands\Server\rewrite.php(47): require_once('C:\\RDT\\UTS WEB\\...')
#10 {main}
CRITICAL - 2023-04-08 14:42:54 --> Unknown column 'js' in 'where clause'
in SYSTEMPATH\Database\BaseConnection.php on line 645.
 1 APPPATH\Models\MDataMal.php(21): CodeIgniter\Database\BaseConnection->query('select * from tbl_zakatmal where nik = js')
 2 APPPATH\Controllers\DataMal.php(54): App\Models\MDataMal->getSelectDataMal('FCPATH\\js')
 3 SYSTEMPATH\CodeIgniter.php(934): App\Controllers\DataMal->editDataMal('FCPATH\\js', 'jquery.min.js')
 4 SYSTEMPATH\CodeIgniter.php(499): CodeIgniter\CodeIgniter->runController(Object(App\Controllers\DataMal))
 5 SYSTEMPATH\CodeIgniter.php(368): CodeIgniter\CodeIgniter->handleRequest(null, Object(Config\Cache), false)
 6 FCPATH\index.php(67): CodeIgniter\CodeIgniter->run()
 7 SYSTEMPATH\Commands\Server\rewrite.php(47): require_once('FCPATH\\index.php')
INFO - 2023-04-08 14:42:55 --> Session: Class initialized using 'CodeIgniter\Session\Handlers\FileHandler' driver.
ERROR - 2023-04-08 14:42:55 --> mysqli_sql_exception: Unknown column 'js' in 'where clause' in C:\RDT\UTS WEB\ci4_php_mvc_zakat.in\system\Database\MySQLi\Connection.php:295
Stack trace:
#0 C:\RDT\UTS WEB\ci4_php_mvc_zakat.in\system\Database\MySQLi\Connection.php(295): mysqli->query('select * from t...', 0)
#1 C:\RDT\UTS WEB\ci4_php_mvc_zakat.in\system\Database\BaseConnection.php(691): CodeIgniter\Database\MySQLi\Connection->execute('select * from t...')
#2 C:\RDT\UTS WEB\ci4_php_mvc_zakat.in\system\Database\BaseConnection.php(605): CodeIgniter\Database\BaseConnection->simpleQuery('select * from t...')
#3 C:\RDT\UTS WEB\ci4_php_mvc_zakat.in\app\Models\MDataMal.php(21): CodeIgniter\Database\BaseConnection->query('select * from t...')
#4 C:\RDT\UTS WEB\ci4_php_mvc_zakat.in\app\Controllers\DataMal.php(54): App\Models\MDataMal->getSelectDataMal('js')
#5 C:\RDT\UTS WEB\ci4_php_mvc_zakat.in\system\CodeIgniter.php(934): App\Controllers\DataMal->editDataMal('js', 'bootstrap.js')
#6 C:\RDT\UTS WEB\ci4_php_mvc_zakat.in\system\CodeIgniter.php(499): CodeIgniter\CodeIgniter->runController(Object(App\Controllers\DataMal))
#7 C:\RDT\UTS WEB\ci4_php_mvc_zakat.in\system\CodeIgniter.php(368): CodeIgniter\CodeIgniter->handleRequest(NULL, Object(Config\Cache), false)
#8 C:\RDT\UTS WEB\ci4_php_mvc_zakat.in\public\index.php(67): CodeIgniter\CodeIgniter->run()
#9 C:\RDT\UTS WEB\ci4_php_mvc_zakat.in\system\Commands\Server\rewrite.php(47): require_once('C:\\RDT\\UTS WEB\\...')
#10 {main}
CRITICAL - 2023-04-08 14:42:55 --> Unknown column 'js' in 'where clause'
in SYSTEMPATH\Database\BaseConnection.php on line 645.
 1 APPPATH\Models\MDataMal.php(21): CodeIgniter\Database\BaseConnection->query('select * from tbl_zakatmal where nik = js')
 2 APPPATH\Controllers\DataMal.php(54): App\Models\MDataMal->getSelectDataMal('FCPATH\\js')
 3 SYSTEMPATH\CodeIgniter.php(934): App\Controllers\DataMal->editDataMal('FCPATH\\js', 'bootstrap.js')
 4 SYSTEMPATH\CodeIgniter.php(499): CodeIgniter\CodeIgniter->runController(Object(App\Controllers\DataMal))
 5 SYSTEMPATH\CodeIgniter.php(368): CodeIgniter\CodeIgniter->handleRequest(null, Object(Config\Cache), false)
 6 FCPATH\index.php(67): CodeIgniter\CodeIgniter->run()
 7 SYSTEMPATH\Commands\Server\rewrite.php(47): require_once('FCPATH\\index.php')
INFO - 2023-04-08 14:43:53 --> Session: Class initialized using 'CodeIgniter\Session\Handlers\FileHandler' driver.
INFO - 2023-04-08 14:43:56 --> Session: Class initialized using 'CodeIgniter\Session\Handlers\FileHandler' driver.
INFO - 2023-04-08 14:43:56 --> Session: Class initialized using 'CodeIgniter\Session\Handlers\FileHandler' driver.
ERROR - 2023-04-08 14:43:56 --> mysqli_sql_exception: Unknown column 'js' in 'where clause' in C:\RDT\UTS WEB\ci4_php_mvc_zakat.in\system\Database\MySQLi\Connection.php:295
Stack trace:
#0 C:\RDT\UTS WEB\ci4_php_mvc_zakat.in\system\Database\MySQLi\Connection.php(295): mysqli->query('select * from t...', 0)
#1 C:\RDT\UTS WEB\ci4_php_mvc_zakat.in\system\Database\BaseConnection.php(691): CodeIgniter\Database\MySQLi\Connection->execute('select * from t...')
#2 C:\RDT\UTS WEB\ci4_php_mvc_zakat.in\system\Database\BaseConnection.php(605): CodeIgniter\Database\BaseConnection->simpleQuery('select * from t...')
#3 C:\RDT\UTS WEB\ci4_php_mvc_zakat.in\app\Models\MData.php(21): CodeIgniter\Database\BaseConnection->query('select * from t...')
#4 C:\RDT\UTS WEB\ci4_php_mvc_zakat.in\app\Controllers\Data.php(54): App\Models\MData->getSelectData('js')
#5 C:\RDT\UTS WEB\ci4_php_mvc_zakat.in\system\CodeIgniter.php(934): App\Controllers\Data->editData('js', 'jquery.min.js')
#6 C:\RDT\UTS WEB\ci4_php_mvc_zakat.in\system\CodeIgniter.php(499): CodeIgniter\CodeIgniter->runController(Object(App\Controllers\Data))
#7 C:\RDT\UTS WEB\ci4_php_mvc_zakat.in\system\CodeIgniter.php(368): CodeIgniter\CodeIgniter->handleRequest(NULL, Object(Config\Cache), false)
#8 C:\RDT\UTS WEB\ci4_php_mvc_zakat.in\public\index.php(67): CodeIgniter\CodeIgniter->run()
#9 C:\RDT\UTS WEB\ci4_php_mvc_zakat.in\system\Commands\Server\rewrite.php(47): require_once('C:\\RDT\\UTS WEB\\...')
#10 {main}
CRITICAL - 2023-04-08 14:43:56 --> Unknown column 'js' in 'where clause'
in SYSTEMPATH\Database\BaseConnection.php on line 645.
 1 APPPATH\Models\MData.php(21): CodeIgniter\Database\BaseConnection->query('select * from tbl_zakat where nik = js')
 2 APPPATH\Controllers\Data.php(54): App\Models\MData->getSelectData('FCPATH\\js')
 3 SYSTEMPATH\CodeIgniter.php(934): App\Controllers\Data->editData('FCPATH\\js', 'jquery.min.js')
 4 SYSTEMPATH\CodeIgniter.php(499): CodeIgniter\CodeIgniter->runController(Object(App\Controllers\Data))
 5 SYSTEMPATH\CodeIgniter.php(368): CodeIgniter\CodeIgniter->handleRequest(null, Object(Config\Cache), false)
 6 FCPATH\index.php(67): CodeIgniter\CodeIgniter->run()
 7 SYSTEMPATH\Commands\Server\rewrite.php(47): require_once('FCPATH\\index.php')
INFO - 2023-04-08 14:43:56 --> Session: Class initialized using 'CodeIgniter\Session\Handlers\FileHandler' driver.
ERROR - 2023-04-08 14:43:56 --> mysqli_sql_exception: Unknown column 'js' in 'where clause' in C:\RDT\UTS WEB\ci4_php_mvc_zakat.in\system\Database\MySQLi\Connection.php:295
Stack trace:
#0 C:\RDT\UTS WEB\ci4_php_mvc_zakat.in\system\Database\MySQLi\Connection.php(295): mysqli->query('select * from t...', 0)
#1 C:\RDT\UTS WEB\ci4_php_mvc_zakat.in\system\Database\BaseConnection.php(691): CodeIgniter\Database\MySQLi\Connection->execute('select * from t...')
#2 C:\RDT\UTS WEB\ci4_php_mvc_zakat.in\system\Database\BaseConnection.php(605): CodeIgniter\Database\BaseConnection->simpleQuery('select * from t...')
#3 C:\RDT\UTS WEB\ci4_php_mvc_zakat.in\app\Models\MData.php(21): CodeIgniter\Database\BaseConnection->query('select * from t...')
#4 C:\RDT\UTS WEB\ci4_php_mvc_zakat.in\app\Controllers\Data.php(54): App\Models\MData->getSelectData('js')
#5 C:\RDT\UTS WEB\ci4_php_mvc_zakat.in\system\CodeIgniter.php(934): App\Controllers\Data->editData('js', 'bootstrap.js')
#6 C:\RDT\UTS WEB\ci4_php_mvc_zakat.in\system\CodeIgniter.php(499): CodeIgniter\CodeIgniter->runController(Object(App\Controllers\Data))
#7 C:\RDT\UTS WEB\ci4_php_mvc_zakat.in\system\CodeIgniter.php(368): CodeIgniter\CodeIgniter->handleRequest(NULL, Object(Config\Cache), false)
#8 C:\RDT\UTS WEB\ci4_php_mvc_zakat.in\public\index.php(67): CodeIgniter\CodeIgniter->run()
#9 C:\RDT\UTS WEB\ci4_php_mvc_zakat.in\system\Commands\Server\rewrite.php(47): require_once('C:\\RDT\\UTS WEB\\...')
#10 {main}
CRITICAL - 2023-04-08 14:43:56 --> Unknown column 'js' in 'where clause'
in SYSTEMPATH\Database\BaseConnection.php on line 645.
 1 APPPATH\Models\MData.php(21): CodeIgniter\Database\BaseConnection->query('select * from tbl_zakat where nik = js')
 2 APPPATH\Controllers\Data.php(54): App\Models\MData->getSelectData('FCPATH\\js')
 3 SYSTEMPATH\CodeIgniter.php(934): App\Controllers\Data->editData('FCPATH\\js', 'bootstrap.js')
 4 SYSTEMPATH\CodeIgniter.php(499): CodeIgniter\CodeIgniter->runController(Object(App\Controllers\Data))
 5 SYSTEMPATH\CodeIgniter.php(368): CodeIgniter\CodeIgniter->handleRequest(null, Object(Config\Cache), false)
 6 FCPATH\index.php(67): CodeIgniter\CodeIgniter->run()
 7 SYSTEMPATH\Commands\Server\rewrite.php(47): require_once('FCPATH\\index.php')
INFO - 2023-04-08 14:44:19 --> Session: Class initialized using 'CodeIgniter\Session\Handlers\FileHandler' driver.
INFO - 2023-04-08 14:44:21 --> Session: Class initialized using 'CodeIgniter\Session\Handlers\FileHandler' driver.
INFO - 2023-04-08 14:44:21 --> Session: Class initialized using 'CodeIgniter\Session\Handlers\FileHandler' driver.
ERROR - 2023-04-08 14:44:21 --> mysqli_sql_exception: Unknown column 'js' in 'where clause' in C:\RDT\UTS WEB\ci4_php_mvc_zakat.in\system\Database\MySQLi\Connection.php:295
Stack trace:
#0 C:\RDT\UTS WEB\ci4_php_mvc_zakat.in\system\Database\MySQLi\Connection.php(295): mysqli->query('select * from t...', 0)
#1 C:\RDT\UTS WEB\ci4_php_mvc_zakat.in\system\Database\BaseConnection.php(691): CodeIgniter\Database\MySQLi\Connection->execute('select * from t...')
#2 C:\RDT\UTS WEB\ci4_php_mvc_zakat.in\system\Database\BaseConnection.php(605): CodeIgniter\Database\BaseConnection->simpleQuery('select * from t...')
#3 C:\RDT\UTS WEB\ci4_php_mvc_zakat.in\app\Models\MDataInfaq.php(21): CodeIgniter\Database\BaseConnection->query('select * from t...')
#4 C:\RDT\UTS WEB\ci4_php_mvc_zakat.in\app\Controllers\DataInfaq.php(53): App\Models\MDataInfaq->getSelectDatainfaq('js')
#5 C:\RDT\UTS WEB\ci4_php_mvc_zakat.in\system\CodeIgniter.php(934): App\Controllers\DataInfaq->editDataInfaq('js', 'jquery.min.js')
#6 C:\RDT\UTS WEB\ci4_php_mvc_zakat.in\system\CodeIgniter.php(499): CodeIgniter\CodeIgniter->runController(Object(App\Controllers\DataInfaq))
#7 C:\RDT\UTS WEB\ci4_php_mvc_zakat.in\system\CodeIgniter.php(368): CodeIgniter\CodeIgniter->handleRequest(NULL, Object(Config\Cache), false)
#8 C:\RDT\UTS WEB\ci4_php_mvc_zakat.in\public\index.php(67): CodeIgniter\CodeIgniter->run()
#9 C:\RDT\UTS WEB\ci4_php_mvc_zakat.in\system\Commands\Server\rewrite.php(47): require_once('C:\\RDT\\UTS WEB\\...')
#10 {main}
CRITICAL - 2023-04-08 14:44:21 --> Unknown column 'js' in 'where clause'
in SYSTEMPATH\Database\BaseConnection.php on line 645.
 1 APPPATH\Models\MDataInfaq.php(21): CodeIgniter\Database\BaseConnection->query('select * from tbl_infaq where nik = js')
 2 APPPATH\Controllers\DataInfaq.php(53): App\Models\MDataInfaq->getSelectDatainfaq('FCPATH\\js')
 3 SYSTEMPATH\CodeIgniter.php(934): App\Controllers\DataInfaq->editDataInfaq('FCPATH\\js', 'jquery.min.js')
 4 SYSTEMPATH\CodeIgniter.php(499): CodeIgniter\CodeIgniter->runController(Object(App\Controllers\DataInfaq))
 5 SYSTEMPATH\CodeIgniter.php(368): CodeIgniter\CodeIgniter->handleRequest(null, Object(Config\Cache), false)
 6 FCPATH\index.php(67): CodeIgniter\CodeIgniter->run()
 7 SYSTEMPATH\Commands\Server\rewrite.php(47): require_once('FCPATH\\index.php')
INFO - 2023-04-08 14:44:22 --> Session: Class initialized using 'CodeIgniter\Session\Handlers\FileHandler' driver.
ERROR - 2023-04-08 14:44:22 --> mysqli_sql_exception: Unknown column 'js' in 'where clause' in C:\RDT\UTS WEB\ci4_php_mvc_zakat.in\system\Database\MySQLi\Connection.php:295
Stack trace:
#0 C:\RDT\UTS WEB\ci4_php_mvc_zakat.in\system\Database\MySQLi\Connection.php(295): mysqli->query('select * from t...', 0)
#1 C:\RDT\UTS WEB\ci4_php_mvc_zakat.in\system\Database\BaseConnection.php(691): CodeIgniter\Database\MySQLi\Connection->execute('select * from t...')
#2 C:\RDT\UTS WEB\ci4_php_mvc_zakat.in\system\Database\BaseConnection.php(605): CodeIgniter\Database\BaseConnection->simpleQuery('select * from t...')
#3 C:\RDT\UTS WEB\ci4_php_mvc_zakat.in\app\Models\MDataInfaq.php(21): CodeIgniter\Database\BaseConnection->query('select * from t...')
#4 C:\RDT\UTS WEB\ci4_php_mvc_zakat.in\app\Controllers\DataInfaq.php(53): App\Models\MDataInfaq->getSelectDatainfaq('js')
#5 C:\RDT\UTS WEB\ci4_php_mvc_zakat.in\system\CodeIgniter.php(934): App\Controllers\DataInfaq->editDataInfaq('js', 'bootstrap.js')
#6 C:\RDT\UTS WEB\ci4_php_mvc_zakat.in\system\CodeIgniter.php(499): CodeIgniter\CodeIgniter->runController(Object(App\Controllers\DataInfaq))
#7 C:\RDT\UTS WEB\ci4_php_mvc_zakat.in\system\CodeIgniter.php(368): CodeIgniter\CodeIgniter->handleRequest(NULL, Object(Config\Cache), false)
#8 C:\RDT\UTS WEB\ci4_php_mvc_zakat.in\public\index.php(67): CodeIgniter\CodeIgniter->run()
#9 C:\RDT\UTS WEB\ci4_php_mvc_zakat.in\system\Commands\Server\rewrite.php(47): require_once('C:\\RDT\\UTS WEB\\...')
#10 {main}
CRITICAL - 2023-04-08 14:44:22 --> Unknown column 'js' in 'where clause'
in SYSTEMPATH\Database\BaseConnection.php on line 645.
 1 APPPATH\Models\MDataInfaq.php(21): CodeIgniter\Database\BaseConnection->query('select * from tbl_infaq where nik = js')
 2 APPPATH\Controllers\DataInfaq.php(53): App\Models\MDataInfaq->getSelectDatainfaq('FCPATH\\js')
 3 SYSTEMPATH\CodeIgniter.php(934): App\Controllers\DataInfaq->editDataInfaq('FCPATH\\js', 'bootstrap.js')
 4 SYSTEMPATH\CodeIgniter.php(499): CodeIgniter\CodeIgniter->runController(Object(App\Controllers\DataInfaq))
 5 SYSTEMPATH\CodeIgniter.php(368): CodeIgniter\CodeIgniter->handleRequest(null, Object(Config\Cache), false)
 6 FCPATH\index.php(67): CodeIgniter\CodeIgniter->run()
 7 SYSTEMPATH\Commands\Server\rewrite.php(47): require_once('FCPATH\\index.php')
INFO - 2023-04-08 14:44:56 --> Session: Class initialized using 'CodeIgniter\Session\Handlers\FileHandler' driver.
INFO - 2023-04-08 14:44:59 --> Session: Class initialized using 'CodeIgniter\Session\Handlers\FileHandler' driver.
INFO - 2023-04-08 14:44:59 --> Session: Class initialized using 'CodeIgniter\Session\Handlers\FileHandler' driver.
ERROR - 2023-04-08 14:44:59 --> mysqli_sql_exception: Unknown column 'js' in 'where clause' in C:\RDT\UTS WEB\ci4_php_mvc_zakat.in\system\Database\MySQLi\Connection.php:295
Stack trace:
#0 C:\RDT\UTS WEB\ci4_php_mvc_zakat.in\system\Database\MySQLi\Connection.php(295): mysqli->query('select * from t...', 0)
#1 C:\RDT\UTS WEB\ci4_php_mvc_zakat.in\system\Database\BaseConnection.php(691): CodeIgniter\Database\MySQLi\Connection->execute('select * from t...')
#2 C:\RDT\UTS WEB\ci4_php_mvc_zakat.in\system\Database\BaseConnection.php(605): CodeIgniter\Database\BaseConnection->simpleQuery('select * from t...')
#3 C:\RDT\UTS WEB\ci4_php_mvc_zakat.in\app\Models\MDataInfaq.php(21): CodeIgniter\Database\BaseConnection->query('select * from t...')
#4 C:\RDT\UTS WEB\ci4_php_mvc_zakat.in\app\Controllers\DataInfaq.php(53): App\Models\MDataInfaq->getSelectDatainfaq('js')
#5 C:\RDT\UTS WEB\ci4_php_mvc_zakat.in\system\CodeIgniter.php(934): App\Controllers\DataInfaq->editDataInfaq('js', 'jquery.min.js')
#6 C:\RDT\UTS WEB\ci4_php_mvc_zakat.in\system\CodeIgniter.php(499): CodeIgniter\CodeIgniter->runController(Object(App\Controllers\DataInfaq))
#7 C:\RDT\UTS WEB\ci4_php_mvc_zakat.in\system\CodeIgniter.php(368): CodeIgniter\CodeIgniter->handleRequest(NULL, Object(Config\Cache), false)
#8 C:\RDT\UTS WEB\ci4_php_mvc_zakat.in\public\index.php(67): CodeIgniter\CodeIgniter->run()
#9 C:\RDT\UTS WEB\ci4_php_mvc_zakat.in\system\Commands\Server\rewrite.php(47): require_once('C:\\RDT\\UTS WEB\\...')
#10 {main}
CRITICAL - 2023-04-08 14:44:59 --> Unknown column 'js' in 'where clause'
in SYSTEMPATH\Database\BaseConnection.php on line 645.
 1 APPPATH\Models\MDataInfaq.php(21): CodeIgniter\Database\BaseConnection->query('select * from tbl_infaq where nik = js')
 2 APPPATH\Controllers\DataInfaq.php(53): App\Models\MDataInfaq->getSelectDatainfaq('FCPATH\\js')
 3 SYSTEMPATH\CodeIgniter.php(934): App\Controllers\DataInfaq->editDataInfaq('FCPATH\\js', 'jquery.min.js')
 4 SYSTEMPATH\CodeIgniter.php(499): CodeIgniter\CodeIgniter->runController(Object(App\Controllers\DataInfaq))
 5 SYSTEMPATH\CodeIgniter.php(368): CodeIgniter\CodeIgniter->handleRequest(null, Object(Config\Cache), false)
 6 FCPATH\index.php(67): CodeIgniter\CodeIgniter->run()
 7 SYSTEMPATH\Commands\Server\rewrite.php(47): require_once('FCPATH\\index.php')
INFO - 2023-04-08 14:44:59 --> Session: Class initialized using 'CodeIgniter\Session\Handlers\FileHandler' driver.
ERROR - 2023-04-08 14:44:59 --> mysqli_sql_exception: Unknown column 'js' in 'where clause' in C:\RDT\UTS WEB\ci4_php_mvc_zakat.in\system\Database\MySQLi\Connection.php:295
Stack trace:
#0 C:\RDT\UTS WEB\ci4_php_mvc_zakat.in\system\Database\MySQLi\Connection.php(295): mysqli->query('select * from t...', 0)
#1 C:\RDT\UTS WEB\ci4_php_mvc_zakat.in\system\Database\BaseConnection.php(691): CodeIgniter\Database\MySQLi\Connection->execute('select * from t...')
#2 C:\RDT\UTS WEB\ci4_php_mvc_zakat.in\system\Database\BaseConnection.php(605): CodeIgniter\Database\BaseConnection->simpleQuery('select * from t...')
#3 C:\RDT\UTS WEB\ci4_php_mvc_zakat.in\app\Models\MDataInfaq.php(21): CodeIgniter\Database\BaseConnection->query('select * from t...')
#4 C:\RDT\UTS WEB\ci4_php_mvc_zakat.in\app\Controllers\DataInfaq.php(53): App\Models\MDataInfaq->getSelectDatainfaq('js')
#5 C:\RDT\UTS WEB\ci4_php_mvc_zakat.in\system\CodeIgniter.php(934): App\Controllers\DataInfaq->editDataInfaq('js', 'bootstrap.js')
#6 C:\RDT\UTS WEB\ci4_php_mvc_zakat.in\system\CodeIgniter.php(499): CodeIgniter\CodeIgniter->runController(Object(App\Controllers\DataInfaq))
#7 C:\RDT\UTS WEB\ci4_php_mvc_zakat.in\system\CodeIgniter.php(368): CodeIgniter\CodeIgniter->handleRequest(NULL, Object(Config\Cache), false)
#8 C:\RDT\UTS WEB\ci4_php_mvc_zakat.in\public\index.php(67): CodeIgniter\CodeIgniter->run()
#9 C:\RDT\UTS WEB\ci4_php_mvc_zakat.in\system\Commands\Server\rewrite.php(47): require_once('C:\\RDT\\UTS WEB\\...')
#10 {main}
CRITICAL - 2023-04-08 14:44:59 --> Unknown column 'js' in 'where clause'
in SYSTEMPATH\Database\BaseConnection.php on line 645.
 1 APPPATH\Models\MDataInfaq.php(21): CodeIgniter\Database\BaseConnection->query('select * from tbl_infaq where nik = js')
 2 APPPATH\Controllers\DataInfaq.php(53): App\Models\MDataInfaq->getSelectDatainfaq('FCPATH\\js')
 3 SYSTEMPATH\CodeIgniter.php(934): App\Controllers\DataInfaq->editDataInfaq('FCPATH\\js', 'bootstrap.js')
 4 SYSTEMPATH\CodeIgniter.php(499): CodeIgniter\CodeIgniter->runController(Object(App\Controllers\DataInfaq))
 5 SYSTEMPATH\CodeIgniter.php(368): CodeIgniter\CodeIgniter->handleRequest(null, Object(Config\Cache), false)
 6 FCPATH\index.php(67): CodeIgniter\CodeIgniter->run()
 7 SYSTEMPATH\Commands\Server\rewrite.php(47): require_once('FCPATH\\index.php')
INFO - 2023-04-08 14:45:04 --> Session: Class initialized using 'CodeIgniter\Session\Handlers\FileHandler' driver.
INFO - 2023-04-08 14:45:04 --> Session: Class initialized using 'CodeIgniter\Session\Handlers\FileHandler' driver.
INFO - 2023-04-08 14:45:04 --> Session: Class initialized using 'CodeIgniter\Session\Handlers\FileHandler' driver.
INFO - 2023-04-08 15:05:35 --> Session: Class initialized using 'CodeIgniter\Session\Handlers\FileHandler' driver.
INFO - 2023-04-08 15:05:36 --> Session: Class initialized using 'CodeIgniter\Session\Handlers\FileHandler' driver.
INFO - 2023-04-08 15:05:37 --> Session: Class initialized using 'CodeIgniter\Session\Handlers\FileHandler' driver.
INFO - 2023-04-08 15:05:37 --> Session: Class initialized using 'CodeIgniter\Session\Handlers\FileHandler' driver.
INFO - 2023-04-08 15:05:38 --> Session: Class initialized using 'CodeIgniter\Session\Handlers\FileHandler' driver.
INFO - 2023-04-08 15:05:38 --> Session: Class initialized using 'CodeIgniter\Session\Handlers\FileHandler' driver.
INFO - 2023-04-08 15:05:38 --> Session: Class initialized using 'CodeIgniter\Session\Handlers\FileHandler' driver.
INFO - 2023-04-08 15:05:39 --> Session: Class initialized using 'CodeIgniter\Session\Handlers\FileHandler' driver.
INFO - 2023-04-08 15:05:39 --> Session: Class initialized using 'CodeIgniter\Session\Handlers\FileHandler' driver.
INFO - 2023-04-08 15:05:42 --> Session: Class initialized using 'CodeIgniter\Session\Handlers\FileHandler' driver.
INFO - 2023-04-08 15:05:43 --> Session: Class initialized using 'CodeIgniter\Session\Handlers\FileHandler' driver.
INFO - 2023-04-08 15:05:44 --> Session: Class initialized using 'CodeIgniter\Session\Handlers\FileHandler' driver.
ERROR - 2023-04-08 15:05:44 --> mysqli_sql_exception: Unknown column 'js' in 'where clause' in C:\RDT\UTS WEB\ci4_php_mvc_zakat.in\system\Database\MySQLi\Connection.php:295
Stack trace:
#0 C:\RDT\UTS WEB\ci4_php_mvc_zakat.in\system\Database\MySQLi\Connection.php(295): mysqli->query('select * from t...', 0)
#1 C:\RDT\UTS WEB\ci4_php_mvc_zakat.in\system\Database\BaseConnection.php(691): CodeIgniter\Database\MySQLi\Connection->execute('select * from t...')
#2 C:\RDT\UTS WEB\ci4_php_mvc_zakat.in\system\Database\BaseConnection.php(605): CodeIgniter\Database\BaseConnection->simpleQuery('select * from t...')
#3 C:\RDT\UTS WEB\ci4_php_mvc_zakat.in\app\Models\MDataInfaq.php(21): CodeIgniter\Database\BaseConnection->query('select * from t...')
#4 C:\RDT\UTS WEB\ci4_php_mvc_zakat.in\app\Controllers\DataInfaq.php(53): App\Models\MDataInfaq->getSelectDatainfaq('js')
#5 C:\RDT\UTS WEB\ci4_php_mvc_zakat.in\system\CodeIgniter.php(934): App\Controllers\DataInfaq->editDataInfaq('js', 'jquery.min.js')
#6 C:\RDT\UTS WEB\ci4_php_mvc_zakat.in\system\CodeIgniter.php(499): CodeIgniter\CodeIgniter->runController(Object(App\Controllers\DataInfaq))
#7 C:\RDT\UTS WEB\ci4_php_mvc_zakat.in\system\CodeIgniter.php(368): CodeIgniter\CodeIgniter->handleRequest(NULL, Object(Config\Cache), false)
#8 C:\RDT\UTS WEB\ci4_php_mvc_zakat.in\public\index.php(67): CodeIgniter\CodeIgniter->run()
#9 C:\RDT\UTS WEB\ci4_php_mvc_zakat.in\system\Commands\Server\rewrite.php(47): require_once('C:\\RDT\\UTS WEB\\...')
#10 {main}
CRITICAL - 2023-04-08 15:05:44 --> Unknown column 'js' in 'where clause'
in SYSTEMPATH\Database\BaseConnection.php on line 645.
 1 APPPATH\Models\MDataInfaq.php(21): CodeIgniter\Database\BaseConnection->query('select * from tbl_infaq where nik = js')
 2 APPPATH\Controllers\DataInfaq.php(53): App\Models\MDataInfaq->getSelectDatainfaq('FCPATH\\js')
 3 SYSTEMPATH\CodeIgniter.php(934): App\Controllers\DataInfaq->editDataInfaq('FCPATH\\js', 'jquery.min.js')
 4 SYSTEMPATH\CodeIgniter.php(499): CodeIgniter\CodeIgniter->runController(Object(App\Controllers\DataInfaq))
 5 SYSTEMPATH\CodeIgniter.php(368): CodeIgniter\CodeIgniter->handleRequest(null, Object(Config\Cache), false)
 6 FCPATH\index.php(67): CodeIgniter\CodeIgniter->run()
 7 SYSTEMPATH\Commands\Server\rewrite.php(47): require_once('FCPATH\\index.php')
INFO - 2023-04-08 15:05:44 --> Session: Class initialized using 'CodeIgniter\Session\Handlers\FileHandler' driver.
ERROR - 2023-04-08 15:05:44 --> mysqli_sql_exception: Unknown column 'js' in 'where clause' in C:\RDT\UTS WEB\ci4_php_mvc_zakat.in\system\Database\MySQLi\Connection.php:295
Stack trace:
#0 C:\RDT\UTS WEB\ci4_php_mvc_zakat.in\system\Database\MySQLi\Connection.php(295): mysqli->query('select * from t...', 0)
#1 C:\RDT\UTS WEB\ci4_php_mvc_zakat.in\system\Database\BaseConnection.php(691): CodeIgniter\Database\MySQLi\Connection->execute('select * from t...')
#2 C:\RDT\UTS WEB\ci4_php_mvc_zakat.in\system\Database\BaseConnection.php(605): CodeIgniter\Database\BaseConnection->simpleQuery('select * from t...')
#3 C:\RDT\UTS WEB\ci4_php_mvc_zakat.in\app\Models\MDataInfaq.php(21): CodeIgniter\Database\BaseConnection->query('select * from t...')
#4 C:\RDT\UTS WEB\ci4_php_mvc_zakat.in\app\Controllers\DataInfaq.php(53): App\Models\MDataInfaq->getSelectDatainfaq('js')
#5 C:\RDT\UTS WEB\ci4_php_mvc_zakat.in\system\CodeIgniter.php(934): App\Controllers\DataInfaq->editDataInfaq('js', 'bootstrap.js')
#6 C:\RDT\UTS WEB\ci4_php_mvc_zakat.in\system\CodeIgniter.php(499): CodeIgniter\CodeIgniter->runController(Object(App\Controllers\DataInfaq))
#7 C:\RDT\UTS WEB\ci4_php_mvc_zakat.in\system\CodeIgniter.php(368): CodeIgniter\CodeIgniter->handleRequest(NULL, Object(Config\Cache), false)
#8 C:\RDT\UTS WEB\ci4_php_mvc_zakat.in\public\index.php(67): CodeIgniter\CodeIgniter->run()
#9 C:\RDT\UTS WEB\ci4_php_mvc_zakat.in\system\Commands\Server\rewrite.php(47): require_once('C:\\RDT\\UTS WEB\\...')
#10 {main}
CRITICAL - 2023-04-08 15:05:44 --> Unknown column 'js' in 'where clause'
in SYSTEMPATH\Database\BaseConnection.php on line 645.
 1 APPPATH\Models\MDataInfaq.php(21): CodeIgniter\Database\BaseConnection->query('select * from tbl_infaq where nik = js')
 2 APPPATH\Controllers\DataInfaq.php(53): App\Models\MDataInfaq->getSelectDatainfaq('FCPATH\\js')
 3 SYSTEMPATH\CodeIgniter.php(934): App\Controllers\DataInfaq->editDataInfaq('FCPATH\\js', 'bootstrap.js')
 4 SYSTEMPATH\CodeIgniter.php(499): CodeIgniter\CodeIgniter->runController(Object(App\Controllers\DataInfaq))
 5 SYSTEMPATH\CodeIgniter.php(368): CodeIgniter\CodeIgniter->handleRequest(null, Object(Config\Cache), false)
 6 FCPATH\index.php(67): CodeIgniter\CodeIgniter->run()
 7 SYSTEMPATH\Commands\Server\rewrite.php(47): require_once('FCPATH\\index.php')
INFO - 2023-04-08 15:05:47 --> Session: Class initialized using 'CodeIgniter\Session\Handlers\FileHandler' driver.
